<?xml version="1.0" encoding="UTF-8"?>
<!-- Generated by org.testng.reporters.JUnitReportReporter -->
<testsuite hostname="Shivam" failures="0" tests="1" name="test_pkg.Test1" time="0.014" errors="0" timestamp="2025-04-13T18:10:35 IST" skipped="0">
  <testcase classname="test_pkg.Test1" name="Test1" time="0.014"/>
</testsuite> <!-- test_pkg.Test1 -->
