<?xml version="1.0" encoding="UTF-8"?>
<!-- Generated by org.testng.reporters.JUnitReportReporter -->
<testsuite hostname="Shivam" failures="0" tests="1" name="test_pkg.Test2" time="0.006" errors="0" timestamp="2025-04-13T18:17:31 IST" skipped="0">
  <testcase classname="test_pkg.Test2" name="Test2" time="0.006"/>
</testsuite> <!-- test_pkg.Test2 -->
